[debug] [2019-05-03T03:55:48.329Z] ----------------------------------------------------------------------
[debug] [2019-05-03T03:55:48.331Z] Command:       /home/lucky8548875/.nvm/versions/node/v10.14.2/bin/node /home/lucky8548875/.nvm/versions/node/v10.14.2/bin/firebase deploy
[debug] [2019-05-03T03:55:48.331Z] CLI Version:   6.7.1
[debug] [2019-05-03T03:55:48.331Z] Platform:      linux
[debug] [2019-05-03T03:55:48.331Z] Node Version:  v10.14.2
[debug] [2019-05-03T03:55:48.331Z] Time:          Fri May 03 2019 11:55:48 GMT+0800 (Philippine Standard Time)
[debug] [2019-05-03T03:55:48.331Z] ----------------------------------------------------------------------
[debug] 
[debug] [2019-05-03T03:55:48.338Z] > command requires scopes: ["email","openid","https://www.googleapis.com/auth/cloudplatformprojects.readonly","https://www.googleapis.com/auth/firebase","https://www.googleapis.com/auth/cloud-platform"]
[debug] [2019-05-03T03:55:48.339Z] > authorizing via signed-in user
[debug] [2019-05-03T03:55:48.339Z] [iam] checking project c3p-website for permissions ["datastore.indexes.create","datastore.indexes.delete","datastore.indexes.list","datastore.indexes.update","firebase.projects.get","firebasehosting.sites.update","firebaserules.releases.create","firebaserules.releases.update","firebaserules.rulesets.create"]
[debug] [2019-05-03T03:55:48.340Z] >>> HTTP REQUEST POST https://cloudresourcemanager.googleapis.com/v1/projects/c3p-website:testIamPermissions  

[debug] [2019-05-03T03:55:52.269Z] <<< HTTP RESPONSE 200
[debug] [2019-05-03T03:55:52.271Z] >>> HTTP REQUEST GET https://firebase.googleapis.com/v1beta1/projects/c3p-website  
 
[debug] [2019-05-03T03:55:55.411Z] <<< HTTP RESPONSE 200
[info] 
[info] === Deploying to 'c3p-website'...
[info] 
[info] i  deploying storage, firestore, hosting
[debug] [2019-05-03T03:55:55.418Z] >>> HTTP REQUEST GET https://appengine.googleapis.com/v1/apps/c3p-website  
 
[debug] [2019-05-03T03:56:01.337Z] <<< HTTP RESPONSE 200
[info] i  storage: checking storage.rules for compilation errors...
[debug] [2019-05-03T03:56:01.339Z] >>> HTTP REQUEST POST https://firebaserules.googleapis.com/v1/projects/c3p-website:test  

[debug] [2019-05-03T03:56:05.145Z] <<< HTTP RESPONSE 200
[info] ✔  storage: rules file storage.rules compiled successfully
[info] i  firestore: checking firestore.rules for compilation errors...
[info] i  firestore: reading indexes from firestore.indexes.json...
[debug] [2019-05-03T03:56:05.148Z] >>> HTTP REQUEST POST https://firebaserules.googleapis.com/v1/projects/c3p-website:test  

[debug] [2019-05-03T03:56:08.356Z] <<< HTTP RESPONSE 200
[info] ✔  firestore: rules file firestore.rules compiled successfully
[debug] [2019-05-03T03:56:08.361Z] >>> HTTP REQUEST POST https://firebasehosting.googleapis.com/v1beta1/sites/c3p-website/versions  

[debug] [2019-05-03T03:56:12.551Z] <<< HTTP RESPONSE 200
[info] i  storage: uploading rules storage.rules...
[debug] [2019-05-03T03:56:12.552Z] >>> HTTP REQUEST POST https://firebaserules.googleapis.com/v1/projects/c3p-website/rulesets  

[debug] [2019-05-03T03:56:15.301Z] <<< HTTP RESPONSE 200
[debug] [2019-05-03T03:56:15.302Z] [rules] created ruleset projects/c3p-website/rulesets/9456fe04-dcca-43a5-b1d7-186cf63a102c
[info] i  firestore: uploading rules firestore.rules...
[debug] [2019-05-03T03:56:15.303Z] >>> HTTP REQUEST POST https://firebaserules.googleapis.com/v1/projects/c3p-website/rulesets  

[debug] [2019-05-03T03:56:15.304Z] >>> HTTP REQUEST GET https://firestore.googleapis.com/v1beta2/projects/c3p-website/databases/(default)/collectionGroups/-/indexes  
 
[debug] [2019-05-03T03:56:17.786Z] <<< HTTP RESPONSE 200
[debug] [2019-05-03T03:56:17.786Z] >>> HTTP REQUEST GET https://firestore.googleapis.com/v1beta2/projects/c3p-website/databases/(default)/collectionGroups/-/fields?filter=indexConfig.usesAncestorConfig=false  
 
[debug] [2019-05-03T03:56:18.040Z] <<< HTTP RESPONSE 200
[debug] [2019-05-03T03:56:18.040Z] [rules] created ruleset projects/c3p-website/rulesets/4be23ed5-1a05-4312-86b7-892d260cfb06
[debug] [2019-05-03T03:56:20.436Z] <<< HTTP RESPONSE 200
[info] ✔  firestore: deployed indexes in firestore.indexes.json successfully
[info] i  hosting[c3p-website]: beginning deploy...
[info] i  hosting[c3p-website]: found 27 files in dist
[debug] [2019-05-03T03:56:20.462Z] [hosting] hash cache [ZGlzdA] not populated
[debug] [2019-05-03T03:56:20.612Z] [hosting] hash cache [ZGlzdA] stored for 27 files
[debug] [2019-05-03T03:56:20.612Z] [hosting][hash queue][FINAL]
[debug] [2019-05-03T03:56:20.612Z] >>> HTTP REQUEST POST https://firebasehosting.googleapis.com/v1beta1/sites/c3p-website/versions/03a1a6c99e228fe1:populateFiles  
 <request body omitted>
[debug] [2019-05-03T03:56:24.772Z] <<< HTTP RESPONSE 200
[debug] [2019-05-03T03:56:24.789Z] [hosting][populate queue][FINAL]
[debug] [2019-05-03T03:56:24.789Z] [hosting] uploads queued: 27
[debug] [2019-05-03T03:56:41.371Z] [uploadQueue] Retrying task 6950428c6f3cd423fbe454ea4514cc46597b653892e121fcc9400f005217d58e
[debug] [2019-05-03T03:56:42.989Z] [uploadQueue] Retrying task 97a4df445a8b6f4266282a93342cd85326166571466ef0203171cd32b44a2022
[debug] [2019-05-03T03:56:55.202Z] [uploadQueue] Retrying task 999885b8893de7fb4b1dccd21b07f0d9c6aa337b85ea501f6ec87b54cfe323d0
[debug] [2019-05-03T03:56:55.203Z] [uploadQueue] Retrying task e0535b2041a7a1721cdec785c903980d41fdf0d810a4ea9726b6ffd1371bbc28
[debug] [2019-05-03T03:56:55.203Z] [uploadQueue] Retrying task ab31a6c45a69b33c7b2d13c0844c614c8b3e8e7584131c0a771063899ab28a45
[debug] [2019-05-03T03:56:55.207Z] [uploadQueue] Retrying task 56ee37cd4e4baa3ede37e90b9005e50747fb711603bad18cc642d1f983c06763
[debug] [2019-05-03T03:56:55.208Z] [uploadQueue] Retrying task ccee97a725d3530f4a8111d58e0f61f94fadf4f6fb6468c4aef748c6bd649670
[debug] [2019-05-03T03:56:55.208Z] [uploadQueue] Retrying task b306de640c0dbb4ad7a7a6467455bbda02efdea7eae33a8e861876dc13c888e5
[debug] [2019-05-03T03:56:55.208Z] [uploadQueue] Retrying task d80b0f1ee290e47c6551a0f39d405d470799d729301798c9082aa0096fb3525a
[debug] [2019-05-03T03:56:55.213Z] [uploadQueue] Retrying task f30c4a1c220bd92c487bf016c9b4f4e6959c4c54f82c64c54ee375b1f0189156
[debug] [2019-05-03T03:56:55.214Z] [uploadQueue] Retrying task 23b639861911b9d6b472294244b8ec37e6633e4ec7097d649b46a327966f6d20
[debug] [2019-05-03T03:56:55.214Z] [uploadQueue] Retrying task 61c3d70ea4950e5c5cde41ef352a8d38a309083b3a1bb0739d5a76fe4908963a
[debug] [2019-05-03T03:56:55.214Z] [uploadQueue] Retrying task 0b88c724af5f8c9ac5edfcef209e8f8cab39a9e0048f6a6902f2aba55f45fda0
[debug] [2019-05-03T03:56:55.217Z] [uploadQueue] Retrying task 7a4ef0f00e8d04eb94d7884fd212c3d6523444777b3046e7130bff649ddeb40a
[debug] [2019-05-03T03:56:55.217Z] [uploadQueue] Retrying task 9d661f8b2f9bfa33fc008b8d0904e9f764d4247b9ee5cbfa455a29205afa72ad
[debug] [2019-05-03T03:56:55.217Z] [uploadQueue] Retrying task 195aa91cb40175287d62c94cced74201ab710a7feb0a152875a7d1a4733a5ea7
[debug] [2019-05-03T03:56:55.221Z] [uploadQueue] Retrying task 081d64e417bfa5a36b47ae153551dff60f3806c1446a094e5d9ead01aa275f96
[debug] [2019-05-03T03:56:55.221Z] [uploadQueue] Retrying task 665eee2fe1e16750222c0a73bc5ea2585759ad9f41222f38f24bb2a7efbf1d94
[debug] [2019-05-03T03:56:55.222Z] [uploadQueue] Retrying task 8cc763b99cf08589f8a023ea979b3618d3c1e36bb83b95c319fc1757f85ffe4d
[debug] [2019-05-03T03:56:55.228Z] [uploadQueue] Retrying task cd1241e0cf46319bfec359f2d87e159f1b3224b4fbdb4e5a58c92680950153f1
[debug] [2019-05-03T03:57:12.173Z] [uploadQueue] Retrying task 6950428c6f3cd423fbe454ea4514cc46597b653892e121fcc9400f005217d58e
[debug] [2019-05-03T03:57:13.792Z] [uploadQueue] Retrying task 97a4df445a8b6f4266282a93342cd85326166571466ef0203171cd32b44a2022
[debug] [2019-05-03T03:57:26.008Z] [uploadQueue] Retrying task 999885b8893de7fb4b1dccd21b07f0d9c6aa337b85ea501f6ec87b54cfe323d0
[debug] [2019-05-03T03:57:26.014Z] [uploadQueue] Retrying task e0535b2041a7a1721cdec785c903980d41fdf0d810a4ea9726b6ffd1371bbc28
[debug] [2019-05-03T03:57:26.020Z] [uploadQueue] Retrying task 56ee37cd4e4baa3ede37e90b9005e50747fb711603bad18cc642d1f983c06763
[debug] [2019-05-03T03:57:26.021Z] [uploadQueue] Retrying task ccee97a725d3530f4a8111d58e0f61f94fadf4f6fb6468c4aef748c6bd649670
[debug] [2019-05-03T03:57:26.021Z] [uploadQueue] Retrying task b306de640c0dbb4ad7a7a6467455bbda02efdea7eae33a8e861876dc13c888e5
[debug] [2019-05-03T03:57:26.023Z] [uploadQueue] Retrying task d80b0f1ee290e47c6551a0f39d405d470799d729301798c9082aa0096fb3525a
[debug] [2019-05-03T03:57:26.024Z] [uploadQueue] Retrying task ab31a6c45a69b33c7b2d13c0844c614c8b3e8e7584131c0a771063899ab28a45
[debug] [2019-05-03T03:57:26.026Z] [uploadQueue] Retrying task f30c4a1c220bd92c487bf016c9b4f4e6959c4c54f82c64c54ee375b1f0189156
[debug] [2019-05-03T03:57:26.032Z] [uploadQueue] Retrying task 23b639861911b9d6b472294244b8ec37e6633e4ec7097d649b46a327966f6d20
[debug] [2019-05-03T03:57:26.032Z] [uploadQueue] Retrying task 61c3d70ea4950e5c5cde41ef352a8d38a309083b3a1bb0739d5a76fe4908963a
[debug] [2019-05-03T03:57:26.032Z] [uploadQueue] Retrying task 0b88c724af5f8c9ac5edfcef209e8f8cab39a9e0048f6a6902f2aba55f45fda0
[debug] [2019-05-03T03:57:26.032Z] [uploadQueue] Retrying task 7a4ef0f00e8d04eb94d7884fd212c3d6523444777b3046e7130bff649ddeb40a
[debug] [2019-05-03T03:57:26.032Z] [uploadQueue] Retrying task 195aa91cb40175287d62c94cced74201ab710a7feb0a152875a7d1a4733a5ea7
[debug] [2019-05-03T03:57:26.032Z] [uploadQueue] Retrying task 9d661f8b2f9bfa33fc008b8d0904e9f764d4247b9ee5cbfa455a29205afa72ad
[debug] [2019-05-03T03:57:26.036Z] [uploadQueue] Retrying task 081d64e417bfa5a36b47ae153551dff60f3806c1446a094e5d9ead01aa275f96
[debug] [2019-05-03T03:57:26.036Z] [uploadQueue] Retrying task 665eee2fe1e16750222c0a73bc5ea2585759ad9f41222f38f24bb2a7efbf1d94
[debug] [2019-05-03T03:57:26.036Z] [uploadQueue] Retrying task 8cc763b99cf08589f8a023ea979b3618d3c1e36bb83b95c319fc1757f85ffe4d
[debug] [2019-05-03T03:57:26.049Z] [uploadQueue] Retrying task cd1241e0cf46319bfec359f2d87e159f1b3224b4fbdb4e5a58c92680950153f1
[debug] [2019-05-03T03:57:43.776Z] [uploadQueue] Retrying task 6950428c6f3cd423fbe454ea4514cc46597b653892e121fcc9400f005217d58e
[debug] [2019-05-03T03:57:45.395Z] [uploadQueue] Retrying task 97a4df445a8b6f4266282a93342cd85326166571466ef0203171cd32b44a2022
[debug] [2019-05-03T03:57:57.611Z] [uploadQueue] Retrying task 999885b8893de7fb4b1dccd21b07f0d9c6aa337b85ea501f6ec87b54cfe323d0
[debug] [2019-05-03T03:57:57.621Z] [uploadQueue] Retrying task e0535b2041a7a1721cdec785c903980d41fdf0d810a4ea9726b6ffd1371bbc28
[debug] [2019-05-03T03:57:57.629Z] [uploadQueue] Retrying task 56ee37cd4e4baa3ede37e90b9005e50747fb711603bad18cc642d1f983c06763
[debug] [2019-05-03T03:57:57.630Z] [uploadQueue] Retrying task ccee97a725d3530f4a8111d58e0f61f94fadf4f6fb6468c4aef748c6bd649670
[debug] [2019-05-03T03:57:57.632Z] [uploadQueue] Retrying task b306de640c0dbb4ad7a7a6467455bbda02efdea7eae33a8e861876dc13c888e5
[debug] [2019-05-03T03:57:57.636Z] [uploadQueue] Retrying task d80b0f1ee290e47c6551a0f39d405d470799d729301798c9082aa0096fb3525a
[debug] [2019-05-03T03:57:57.636Z] [uploadQueue] Retrying task ab31a6c45a69b33c7b2d13c0844c614c8b3e8e7584131c0a771063899ab28a45
[debug] [2019-05-03T03:57:57.640Z] [uploadQueue] Retrying task f30c4a1c220bd92c487bf016c9b4f4e6959c4c54f82c64c54ee375b1f0189156
[debug] [2019-05-03T03:57:57.642Z] [uploadQueue] Retrying task 23b639861911b9d6b472294244b8ec37e6633e4ec7097d649b46a327966f6d20
[debug] [2019-05-03T03:57:57.644Z] [uploadQueue] Retrying task 61c3d70ea4950e5c5cde41ef352a8d38a309083b3a1bb0739d5a76fe4908963a
[debug] [2019-05-03T03:57:57.647Z] [uploadQueue] Retrying task 0b88c724af5f8c9ac5edfcef209e8f8cab39a9e0048f6a6902f2aba55f45fda0
[debug] [2019-05-03T03:57:57.647Z] [uploadQueue] Retrying task 195aa91cb40175287d62c94cced74201ab710a7feb0a152875a7d1a4733a5ea7
[debug] [2019-05-03T03:57:57.648Z] [uploadQueue] Retrying task 9d661f8b2f9bfa33fc008b8d0904e9f764d4247b9ee5cbfa455a29205afa72ad
[debug] [2019-05-03T03:57:57.648Z] [uploadQueue] Retrying task 7a4ef0f00e8d04eb94d7884fd212c3d6523444777b3046e7130bff649ddeb40a
[debug] [2019-05-03T03:57:57.649Z] [uploadQueue] Retrying task 081d64e417bfa5a36b47ae153551dff60f3806c1446a094e5d9ead01aa275f96
[debug] [2019-05-03T03:57:57.650Z] [uploadQueue] Retrying task 665eee2fe1e16750222c0a73bc5ea2585759ad9f41222f38f24bb2a7efbf1d94
[debug] [2019-05-03T03:57:57.652Z] [uploadQueue] Retrying task 8cc763b99cf08589f8a023ea979b3618d3c1e36bb83b95c319fc1757f85ffe4d
[debug] [2019-05-03T03:57:57.668Z] [uploadQueue] Retrying task cd1241e0cf46319bfec359f2d87e159f1b3224b4fbdb4e5a58c92680950153f1
[debug] [2019-05-03T03:58:16.978Z] [uploadQueue] Retrying task 6950428c6f3cd423fbe454ea4514cc46597b653892e121fcc9400f005217d58e
[debug] [2019-05-03T03:58:18.597Z] [uploadQueue] Retrying task 97a4df445a8b6f4266282a93342cd85326166571466ef0203171cd32b44a2022
[debug] [2019-05-03T03:58:30.815Z] [uploadQueue] Retrying task 999885b8893de7fb4b1dccd21b07f0d9c6aa337b85ea501f6ec87b54cfe323d0
[debug] [2019-05-03T03:58:30.826Z] [uploadQueue] Retrying task e0535b2041a7a1721cdec785c903980d41fdf0d810a4ea9726b6ffd1371bbc28
[debug] [2019-05-03T03:58:30.832Z] [uploadQueue] Retrying task 56ee37cd4e4baa3ede37e90b9005e50747fb711603bad18cc642d1f983c06763
[debug] [2019-05-03T03:58:30.834Z] [uploadQueue] Retrying task ccee97a725d3530f4a8111d58e0f61f94fadf4f6fb6468c4aef748c6bd649670
[debug] [2019-05-03T03:58:30.835Z] [uploadQueue] Retrying task b306de640c0dbb4ad7a7a6467455bbda02efdea7eae33a8e861876dc13c888e5
[debug] [2019-05-03T03:58:30.839Z] [uploadQueue] Retrying task d80b0f1ee290e47c6551a0f39d405d470799d729301798c9082aa0096fb3525a
[debug] [2019-05-03T03:58:30.841Z] [uploadQueue] Retrying task ab31a6c45a69b33c7b2d13c0844c614c8b3e8e7584131c0a771063899ab28a45
[debug] [2019-05-03T03:58:30.842Z] [uploadQueue] Retrying task f30c4a1c220bd92c487bf016c9b4f4e6959c4c54f82c64c54ee375b1f0189156
[debug] [2019-05-03T03:58:30.842Z] [uploadQueue] Retrying task 23b639861911b9d6b472294244b8ec37e6633e4ec7097d649b46a327966f6d20
[debug] [2019-05-03T03:58:30.852Z] [uploadQueue] Retrying task 61c3d70ea4950e5c5cde41ef352a8d38a309083b3a1bb0739d5a76fe4908963a
[debug] [2019-05-03T03:58:30.854Z] [uploadQueue] Retrying task 0b88c724af5f8c9ac5edfcef209e8f8cab39a9e0048f6a6902f2aba55f45fda0
[debug] [2019-05-03T03:58:30.854Z] [uploadQueue] Retrying task 195aa91cb40175287d62c94cced74201ab710a7feb0a152875a7d1a4733a5ea7
[debug] [2019-05-03T03:58:30.855Z] [uploadQueue] Retrying task 9d661f8b2f9bfa33fc008b8d0904e9f764d4247b9ee5cbfa455a29205afa72ad
[debug] [2019-05-03T03:58:30.856Z] [uploadQueue] Retrying task 7a4ef0f00e8d04eb94d7884fd212c3d6523444777b3046e7130bff649ddeb40a
[debug] [2019-05-03T03:58:30.857Z] [uploadQueue] Retrying task 665eee2fe1e16750222c0a73bc5ea2585759ad9f41222f38f24bb2a7efbf1d94
[debug] [2019-05-03T03:58:30.858Z] [uploadQueue] Retrying task 081d64e417bfa5a36b47ae153551dff60f3806c1446a094e5d9ead01aa275f96
[debug] [2019-05-03T03:58:30.861Z] [uploadQueue] Retrying task 8cc763b99cf08589f8a023ea979b3618d3c1e36bb83b95c319fc1757f85ffe4d
[debug] [2019-05-03T03:58:30.883Z] [uploadQueue] Retrying task cd1241e0cf46319bfec359f2d87e159f1b3224b4fbdb4e5a58c92680950153f1
[debug] [2019-05-03T03:58:53.380Z] [uploadQueue] Retrying task 6950428c6f3cd423fbe454ea4514cc46597b653892e121fcc9400f005217d58e
[debug] [2019-05-03T03:58:55.001Z] [uploadQueue] Retrying task 97a4df445a8b6f4266282a93342cd85326166571466ef0203171cd32b44a2022
[debug] [2019-05-03T03:59:07.218Z] [uploadQueue] Retrying task 999885b8893de7fb4b1dccd21b07f0d9c6aa337b85ea501f6ec87b54cfe323d0
[debug] [2019-05-03T03:59:07.228Z] [uploadQueue] Retrying task e0535b2041a7a1721cdec785c903980d41fdf0d810a4ea9726b6ffd1371bbc28
[debug] [2019-05-03T03:59:07.234Z] [uploadQueue] Retrying task 56ee37cd4e4baa3ede37e90b9005e50747fb711603bad18cc642d1f983c06763
[debug] [2019-05-03T03:59:07.237Z] [uploadQueue] Retrying task ccee97a725d3530f4a8111d58e0f61f94fadf4f6fb6468c4aef748c6bd649670
[debug] [2019-05-03T03:59:07.238Z] [uploadQueue] Retrying task b306de640c0dbb4ad7a7a6467455bbda02efdea7eae33a8e861876dc13c888e5
[debug] [2019-05-03T03:59:07.241Z] [uploadQueue] Retrying task d80b0f1ee290e47c6551a0f39d405d470799d729301798c9082aa0096fb3525a
[debug] [2019-05-03T03:59:07.243Z] [uploadQueue] Retrying task f30c4a1c220bd92c487bf016c9b4f4e6959c4c54f82c64c54ee375b1f0189156
[debug] [2019-05-03T03:59:07.246Z] [uploadQueue] Retrying task 23b639861911b9d6b472294244b8ec37e6633e4ec7097d649b46a327966f6d20
[debug] [2019-05-03T03:59:07.247Z] [uploadQueue] Retrying task ab31a6c45a69b33c7b2d13c0844c614c8b3e8e7584131c0a771063899ab28a45
[debug] [2019-05-03T03:59:07.254Z] [uploadQueue] Retrying task 61c3d70ea4950e5c5cde41ef352a8d38a309083b3a1bb0739d5a76fe4908963a
[debug] [2019-05-03T03:59:07.256Z] [uploadQueue] Retrying task 195aa91cb40175287d62c94cced74201ab710a7feb0a152875a7d1a4733a5ea7
[debug] [2019-05-03T03:59:07.258Z] [uploadQueue] Retrying task 0b88c724af5f8c9ac5edfcef209e8f8cab39a9e0048f6a6902f2aba55f45fda0
[debug] [2019-05-03T03:59:07.261Z] [uploadQueue] Retrying task 9d661f8b2f9bfa33fc008b8d0904e9f764d4247b9ee5cbfa455a29205afa72ad
[debug] [2019-05-03T03:59:07.263Z] [uploadQueue] Retrying task 665eee2fe1e16750222c0a73bc5ea2585759ad9f41222f38f24bb2a7efbf1d94
[debug] [2019-05-03T03:59:07.263Z] [uploadQueue] Retrying task 081d64e417bfa5a36b47ae153551dff60f3806c1446a094e5d9ead01aa275f96
[debug] [2019-05-03T03:59:07.264Z] [uploadQueue] Retrying task 7a4ef0f00e8d04eb94d7884fd212c3d6523444777b3046e7130bff649ddeb40a
[debug] [2019-05-03T03:59:07.266Z] [uploadQueue] Retrying task 8cc763b99cf08589f8a023ea979b3618d3c1e36bb83b95c319fc1757f85ffe4d
[debug] [2019-05-03T03:59:07.305Z] [uploadQueue] Retrying task cd1241e0cf46319bfec359f2d87e159f1b3224b4fbdb4e5a58c92680950153f1
[debug] [2019-05-03T03:59:23.382Z] [uploadQueue] Retries exhausted for task 6950428c6f3cd423fbe454ea4514cc46597b653892e121fcc9400f005217d58e:
[debug] [2019-05-03T03:59:23.383Z] [hosting][upload queue][FINAL]
[debug] [2019-05-03T03:59:25.004Z] [uploadQueue] Retries exhausted for task 97a4df445a8b6f4266282a93342cd85326166571466ef0203171cd32b44a2022:
[debug] [2019-05-03T03:59:37.224Z] [uploadQueue] Retries exhausted for task 999885b8893de7fb4b1dccd21b07f0d9c6aa337b85ea501f6ec87b54cfe323d0:
[debug] [2019-05-03T03:59:37.230Z] [uploadQueue] Retries exhausted for task e0535b2041a7a1721cdec785c903980d41fdf0d810a4ea9726b6ffd1371bbc28:
[debug] [2019-05-03T03:59:37.235Z] [uploadQueue] Retries exhausted for task 56ee37cd4e4baa3ede37e90b9005e50747fb711603bad18cc642d1f983c06763:
[debug] [2019-05-03T03:59:37.241Z] [uploadQueue] Retries exhausted for task ccee97a725d3530f4a8111d58e0f61f94fadf4f6fb6468c4aef748c6bd649670:
[debug] [2019-05-03T03:59:37.242Z] [uploadQueue] Retries exhausted for task b306de640c0dbb4ad7a7a6467455bbda02efdea7eae33a8e861876dc13c888e5:
[debug] [2019-05-03T03:59:37.245Z] [uploadQueue] Retries exhausted for task d80b0f1ee290e47c6551a0f39d405d470799d729301798c9082aa0096fb3525a:
[debug] [2019-05-03T03:59:37.247Z] [uploadQueue] Retries exhausted for task f30c4a1c220bd92c487bf016c9b4f4e6959c4c54f82c64c54ee375b1f0189156:
[debug] [2019-05-03T03:59:37.250Z] [uploadQueue] Retries exhausted for task 23b639861911b9d6b472294244b8ec37e6633e4ec7097d649b46a327966f6d20:
[debug] [2019-05-03T03:59:37.250Z] [uploadQueue] Retries exhausted for task ab31a6c45a69b33c7b2d13c0844c614c8b3e8e7584131c0a771063899ab28a45:
[debug] [2019-05-03T03:59:37.256Z] [uploadQueue] Retries exhausted for task 61c3d70ea4950e5c5cde41ef352a8d38a309083b3a1bb0739d5a76fe4908963a:
[debug] [2019-05-03T03:59:37.258Z] [uploadQueue] Retries exhausted for task 195aa91cb40175287d62c94cced74201ab710a7feb0a152875a7d1a4733a5ea7:
[debug] [2019-05-03T03:59:37.259Z] [uploadQueue] Retries exhausted for task 0b88c724af5f8c9ac5edfcef209e8f8cab39a9e0048f6a6902f2aba55f45fda0:
[debug] [2019-05-03T03:59:37.263Z] [uploadQueue] Retries exhausted for task 9d661f8b2f9bfa33fc008b8d0904e9f764d4247b9ee5cbfa455a29205afa72ad:
[debug] [2019-05-03T03:59:37.265Z] [uploadQueue] Retries exhausted for task 665eee2fe1e16750222c0a73bc5ea2585759ad9f41222f38f24bb2a7efbf1d94:
[debug] [2019-05-03T03:59:37.267Z] [uploadQueue] Retries exhausted for task 081d64e417bfa5a36b47ae153551dff60f3806c1446a094e5d9ead01aa275f96:
[debug] [2019-05-03T03:59:37.268Z] [uploadQueue] Retries exhausted for task 7a4ef0f00e8d04eb94d7884fd212c3d6523444777b3046e7130bff649ddeb40a:
[debug] [2019-05-03T03:59:37.269Z] [uploadQueue] Retries exhausted for task 8cc763b99cf08589f8a023ea979b3618d3c1e36bb83b95c319fc1757f85ffe4d:
[debug] [2019-05-03T03:59:37.320Z] [uploadQueue] Retries exhausted for task cd1241e0cf46319bfec359f2d87e159f1b3224b4fbdb4e5a58c92680950153f1:
[debug] [2019-05-03T04:03:58.574Z] ----------------------------------------------------------------------
[debug] [2019-05-03T04:03:58.576Z] Command:       /home/lucky8548875/.nvm/versions/node/v10.14.2/bin/node /home/lucky8548875/.nvm/versions/node/v10.14.2/bin/firebase deploy
[debug] [2019-05-03T04:03:58.577Z] CLI Version:   6.7.1
[debug] [2019-05-03T04:03:58.577Z] Platform:      linux
[debug] [2019-05-03T04:03:58.577Z] Node Version:  v10.14.2
[debug] [2019-05-03T04:03:58.577Z] Time:          Fri May 03 2019 12:03:58 GMT+0800 (Philippine Standard Time)
[debug] [2019-05-03T04:03:58.577Z] ----------------------------------------------------------------------
[debug] 
[debug] [2019-05-03T04:03:58.584Z] > command requires scopes: ["email","openid","https://www.googleapis.com/auth/cloudplatformprojects.readonly","https://www.googleapis.com/auth/firebase","https://www.googleapis.com/auth/cloud-platform"]
[debug] [2019-05-03T04:03:58.584Z] > authorizing via signed-in user
[debug] [2019-05-03T04:03:58.584Z] [iam] checking project c3p-website for permissions ["datastore.indexes.create","datastore.indexes.delete","datastore.indexes.list","datastore.indexes.update","firebase.projects.get","firebasehosting.sites.update","firebaserules.releases.create","firebaserules.releases.update","firebaserules.rulesets.create"]
[debug] [2019-05-03T04:03:58.586Z] >>> HTTP REQUEST POST https://cloudresourcemanager.googleapis.com/v1/projects/c3p-website:testIamPermissions  

[debug] [2019-05-03T04:04:05.843Z] <<< HTTP RESPONSE 200
[debug] [2019-05-03T04:04:05.845Z] >>> HTTP REQUEST GET https://firebase.googleapis.com/v1beta1/projects/c3p-website  
 
[debug] [2019-05-03T04:04:08.008Z] <<< HTTP RESPONSE 200
[info] 
[info] === Deploying to 'c3p-website'...
[info] 
[info] i  deploying storage, firestore, hosting
[debug] [2019-05-03T04:04:08.011Z] >>> HTTP REQUEST GET https://appengine.googleapis.com/v1/apps/c3p-website  
 
[debug] [2019-05-03T04:04:13.280Z] <<< HTTP RESPONSE 200
[info] i  storage: checking storage.rules for compilation errors...
[debug] [2019-05-03T04:04:13.283Z] >>> HTTP REQUEST POST https://firebaserules.googleapis.com/v1/projects/c3p-website:test  

[debug] [2019-05-03T04:04:17.929Z] <<< HTTP RESPONSE 200
[info] ✔  storage: rules file storage.rules compiled successfully
[info] i  firestore: checking firestore.rules for compilation errors...
[info] i  firestore: reading indexes from firestore.indexes.json...
[debug] [2019-05-03T04:04:17.932Z] >>> HTTP REQUEST POST https://firebaserules.googleapis.com/v1/projects/c3p-website:test  

[debug] [2019-05-03T04:04:20.177Z] <<< HTTP RESPONSE 200
[info] ✔  firestore: rules file firestore.rules compiled successfully
[debug] [2019-05-03T04:04:20.179Z] >>> HTTP REQUEST POST https://firebasehosting.googleapis.com/v1beta1/sites/c3p-website/versions  

[debug] [2019-05-03T04:04:22.900Z] <<< HTTP RESPONSE 200
[info] i  storage: uploading rules storage.rules...
[debug] [2019-05-03T04:04:22.902Z] >>> HTTP REQUEST POST https://firebaserules.googleapis.com/v1/projects/c3p-website/rulesets  

[debug] [2019-05-03T04:04:24.480Z] <<< HTTP RESPONSE 200
[debug] [2019-05-03T04:04:24.481Z] [rules] created ruleset projects/c3p-website/rulesets/44492f7a-8d67-4e75-b339-c759843282ad
[info] i  firestore: uploading rules firestore.rules...
[debug] [2019-05-03T04:04:24.483Z] >>> HTTP REQUEST POST https://firebaserules.googleapis.com/v1/projects/c3p-website/rulesets  

[debug] [2019-05-03T04:04:24.484Z] >>> HTTP REQUEST GET https://firestore.googleapis.com/v1beta2/projects/c3p-website/databases/(default)/collectionGroups/-/indexes  
 
[debug] [2019-05-03T04:04:26.238Z] <<< HTTP RESPONSE 200
[debug] [2019-05-03T04:04:26.238Z] >>> HTTP REQUEST GET https://firestore.googleapis.com/v1beta2/projects/c3p-website/databases/(default)/collectionGroups/-/fields?filter=indexConfig.usesAncestorConfig=false  
 
[debug] [2019-05-03T04:04:26.587Z] <<< HTTP RESPONSE 200
[debug] [2019-05-03T04:04:26.587Z] [rules] created ruleset projects/c3p-website/rulesets/93ce9407-c057-4bc1-af37-9008cfbb7aaf
[debug] [2019-05-03T04:04:27.642Z] <<< HTTP RESPONSE 200
[info] ✔  firestore: deployed indexes in firestore.indexes.json successfully
[info] i  hosting[c3p-website]: beginning deploy...
[info] i  hosting[c3p-website]: found 27 files in dist
[debug] [2019-05-03T04:04:27.668Z] [hosting] hash cache [ZGlzdA] load error: lines is not defined
[debug] [2019-05-03T04:04:27.826Z] [hosting] hash cache [ZGlzdA] stored for 27 files
[debug] [2019-05-03T04:04:27.827Z] [hosting][hash queue][FINAL]
[debug] [2019-05-03T04:04:27.827Z] >>> HTTP REQUEST POST https://firebasehosting.googleapis.com/v1beta1/sites/c3p-website/versions/02a09bafbbaa6406:populateFiles  
 <request body omitted>
[debug] [2019-05-03T04:04:41.235Z] <<< HTTP RESPONSE 200
[debug] [2019-05-03T04:04:41.250Z] [hosting][populate queue][FINAL]
[debug] [2019-05-03T04:04:41.250Z] [hosting] uploads queued: 20
[debug] [2019-05-03T04:04:57.026Z] [uploadQueue] Retrying task d80b0f1ee290e47c6551a0f39d405d470799d729301798c9082aa0096fb3525a
[debug] [2019-05-03T04:05:11.656Z] [uploadQueue] Retrying task 9d661f8b2f9bfa33fc008b8d0904e9f764d4247b9ee5cbfa455a29205afa72ad
[debug] [2019-05-03T04:05:11.660Z] [uploadQueue] Retrying task e0535b2041a7a1721cdec785c903980d41fdf0d810a4ea9726b6ffd1371bbc28
[debug] [2019-05-03T04:05:11.660Z] [uploadQueue] Retrying task 6950428c6f3cd423fbe454ea4514cc46597b653892e121fcc9400f005217d58e
[debug] [2019-05-03T04:05:11.664Z] [uploadQueue] Retrying task b306de640c0dbb4ad7a7a6467455bbda02efdea7eae33a8e861876dc13c888e5
[debug] [2019-05-03T04:05:11.665Z] [uploadQueue] Retrying task 23b639861911b9d6b472294244b8ec37e6633e4ec7097d649b46a327966f6d20
[debug] [2019-05-03T04:05:11.665Z] [uploadQueue] Retrying task 7a4ef0f00e8d04eb94d7884fd212c3d6523444777b3046e7130bff649ddeb40a
[debug] [2019-05-03T04:05:11.665Z] [uploadQueue] Retrying task 081d64e417bfa5a36b47ae153551dff60f3806c1446a094e5d9ead01aa275f96
[debug] [2019-05-03T04:05:11.667Z] [uploadQueue] Retrying task 56ee37cd4e4baa3ede37e90b9005e50747fb711603bad18cc642d1f983c06763
[debug] [2019-05-03T04:05:11.669Z] [uploadQueue] Retrying task 999885b8893de7fb4b1dccd21b07f0d9c6aa337b85ea501f6ec87b54cfe323d0
[debug] [2019-05-03T04:05:11.671Z] [uploadQueue] Retrying task 0b88c724af5f8c9ac5edfcef209e8f8cab39a9e0048f6a6902f2aba55f45fda0
[debug] [2019-05-03T04:05:11.671Z] [uploadQueue] Retrying task 665eee2fe1e16750222c0a73bc5ea2585759ad9f41222f38f24bb2a7efbf1d94
[debug] [2019-05-03T04:05:11.671Z] [uploadQueue] Retrying task 8cc763b99cf08589f8a023ea979b3618d3c1e36bb83b95c319fc1757f85ffe4d
[debug] [2019-05-03T04:05:11.671Z] [uploadQueue] Retrying task 61c3d70ea4950e5c5cde41ef352a8d38a309083b3a1bb0739d5a76fe4908963a
[debug] [2019-05-03T04:05:11.674Z] [uploadQueue] Retrying task ab31a6c45a69b33c7b2d13c0844c614c8b3e8e7584131c0a771063899ab28a45
[debug] [2019-05-03T04:05:11.674Z] [uploadQueue] Retrying task ccee97a725d3530f4a8111d58e0f61f94fadf4f6fb6468c4aef748c6bd649670
[debug] [2019-05-03T04:05:11.678Z] [uploadQueue] Retrying task cd1241e0cf46319bfec359f2d87e159f1b3224b4fbdb4e5a58c92680950153f1
[debug] [2019-05-03T04:05:27.828Z] [uploadQueue] Retrying task d80b0f1ee290e47c6551a0f39d405d470799d729301798c9082aa0096fb3525a
[debug] [2019-05-03T04:05:42.459Z] [uploadQueue] Retrying task 9d661f8b2f9bfa33fc008b8d0904e9f764d4247b9ee5cbfa455a29205afa72ad
[debug] [2019-05-03T04:05:42.463Z] [uploadQueue] Retrying task 6950428c6f3cd423fbe454ea4514cc46597b653892e121fcc9400f005217d58e
[debug] [2019-05-03T04:05:42.464Z] [uploadQueue] Retrying task e0535b2041a7a1721cdec785c903980d41fdf0d810a4ea9726b6ffd1371bbc28
[debug] [2019-05-03T04:05:42.469Z] [uploadQueue] Retrying task b306de640c0dbb4ad7a7a6467455bbda02efdea7eae33a8e861876dc13c888e5
[debug] [2019-05-03T04:05:42.471Z] [uploadQueue] Retrying task 23b639861911b9d6b472294244b8ec37e6633e4ec7097d649b46a327966f6d20
[debug] [2019-05-03T04:05:42.472Z] [uploadQueue] Retrying task 7a4ef0f00e8d04eb94d7884fd212c3d6523444777b3046e7130bff649ddeb40a
[debug] [2019-05-03T04:05:42.473Z] [uploadQueue] Retrying task 081d64e417bfa5a36b47ae153551dff60f3806c1446a094e5d9ead01aa275f96
[debug] [2019-05-03T04:05:42.474Z] [uploadQueue] Retrying task 56ee37cd4e4baa3ede37e90b9005e50747fb711603bad18cc642d1f983c06763
[debug] [2019-05-03T04:05:42.476Z] [uploadQueue] Retrying task 999885b8893de7fb4b1dccd21b07f0d9c6aa337b85ea501f6ec87b54cfe323d0
[debug] [2019-05-03T04:05:42.477Z] [uploadQueue] Retrying task 0b88c724af5f8c9ac5edfcef209e8f8cab39a9e0048f6a6902f2aba55f45fda0
[debug] [2019-05-03T04:05:42.477Z] [uploadQueue] Retrying task 665eee2fe1e16750222c0a73bc5ea2585759ad9f41222f38f24bb2a7efbf1d94
[debug] [2019-05-03T04:05:42.481Z] [uploadQueue] Retrying task 8cc763b99cf08589f8a023ea979b3618d3c1e36bb83b95c319fc1757f85ffe4d
[debug] [2019-05-03T04:05:42.482Z] [uploadQueue] Retrying task 61c3d70ea4950e5c5cde41ef352a8d38a309083b3a1bb0739d5a76fe4908963a
[debug] [2019-05-03T04:05:42.482Z] [uploadQueue] Retrying task ccee97a725d3530f4a8111d58e0f61f94fadf4f6fb6468c4aef748c6bd649670
[debug] [2019-05-03T04:05:42.487Z] [uploadQueue] Retrying task ab31a6c45a69b33c7b2d13c0844c614c8b3e8e7584131c0a771063899ab28a45
[debug] [2019-05-03T04:05:42.494Z] [uploadQueue] Retrying task cd1241e0cf46319bfec359f2d87e159f1b3224b4fbdb4e5a58c92680950153f1
